<?xml version="1.0" encoding="UTF-8"?>
<!-- Generated by org.testng.reporters.JUnitReportReporter -->
<testsuite hostname="LTIN183899" failures="0" tests="2" name="CAS.BECognizantHomePageHeaderView" time="18.712" errors="0" timestamp="2024-03-12T14:25:59 IST" skipped="0">
  <testcase classname="CAS.BECognizantHomePageHeaderView" name="becognizant" time="2.303"/>
  <testcase classname="CAS.BECognizantHomePageHeaderView" name="EthicsCompliance" time="16.409"/>
</testsuite> <!-- CAS.BECognizantHomePageHeaderView -->
