<?xml version="1.0" encoding="UTF-8"?>
<!-- Generated by org.testng.reporters.JUnitReportReporter -->
<testsuite hostname="LTIN183899" failures="0" tests="2" name="TestCases.EthicsCompliance" time="0.928" errors="0" timestamp="2024-03-14T14:47:20 IST" skipped="0">
  <testcase classname="TestCases.EthicsCompliance" name="Ethics" time="0.448"/>
  <testcase classname="TestCases.EthicsCompliance" name="Ethics" time="0.480"/>
</testsuite> <!-- TestCases.EthicsCompliance -->
