<?xml version="1.0" encoding="UTF-8"?>
<!-- Generated by org.testng.reporters.JUnitReportReporter -->
<testsuite hostname="LTIN183899" failures="0" tests="6" name="TestCases.EthicsPage" time="0.922" errors="0" timestamp="2024-03-14T14:47:20 IST" skipped="0">
  <testcase classname="TestCases.EthicsPage" name="Navigate" time="0.090"/>
  <testcase classname="TestCases.EthicsPage" name="Navigate" time="0.088"/>
  <testcase classname="TestCases.EthicsPage" name="resources" time="0.371"/>
  <testcase classname="TestCases.EthicsPage" name="resources" time="0.337"/>
  <testcase classname="TestCases.EthicsPage" name="pageInformation" time="0.017"/>
  <testcase classname="TestCases.EthicsPage" name="pageInformation" time="0.019"/>
</testsuite> <!-- TestCases.EthicsPage -->
